<?xml version="1.0" encoding="UTF-8"?>
<testng-results ignored="0" total="2" passed="2" failed="0" skipped="0">
  <reporter-output>
  </reporter-output>
  <suite started-at="2023-07-31T16:57:04 IST" name="All Test Suite" finished-at="2023-07-31T16:57:04 IST" duration-ms="200">
    <groups>
    </groups>
    <test started-at="2023-07-31T16:57:04 IST" name="C:/Users/NTS-Rutuja Tathe/Documents/TestNGProject/src/test/java/org/example/TC2.java" finished-at="2023-07-31T16:57:04 IST" duration-ms="106">
      <class name="org.example.TC2">
        <test-method is-config="true" signature="beforeClass()[pri:0, instance:org.example.TC2@a1cdc6d]" started-at="2023-07-31T16:57:04 IST" name="beforeClass" finished-at="2023-07-31T16:57:04 IST" duration-ms="28" status="PASS">
          <reporter-output>
          </reporter-output>
        </test-method> <!-- beforeClass -->
        <test-method is-config="true" signature="First()[pri:0, instance:org.example.TC2@a1cdc6d]" started-at="2023-07-31T16:57:04 IST" name="First" finished-at="2023-07-31T16:57:04 IST" duration-ms="1" status="PASS">
          <reporter-output>
          </reporter-output>
        </test-method> <!-- First -->
        <test-method signature="test3()[pri:0, instance:org.example.TC2@a1cdc6d]" started-at="2023-07-31T16:57:04 IST" name="test3" finished-at="2023-07-31T16:57:04 IST" duration-ms="2" status="PASS">
          <reporter-output>
          </reporter-output>
        </test-method> <!-- test3 -->
        <test-method is-config="true" signature="after()[pri:0, instance:org.example.TC2@a1cdc6d]" started-at="2023-07-31T16:57:04 IST" name="after" finished-at="2023-07-31T16:57:04 IST" duration-ms="2" status="PASS">
          <reporter-output>
          </reporter-output>
        </test-method> <!-- after -->
        <test-method is-config="true" signature="First()[pri:0, instance:org.example.TC2@a1cdc6d]" started-at="2023-07-31T16:57:04 IST" name="First" finished-at="2023-07-31T16:57:04 IST" duration-ms="0" status="PASS">
          <reporter-output>
          </reporter-output>
        </test-method> <!-- First -->
        <test-method signature="test4()[pri:0, instance:org.example.TC2@a1cdc6d]" started-at="2023-07-31T16:57:04 IST" name="test4" finished-at="2023-07-31T16:57:04 IST" duration-ms="0" status="PASS">
          <reporter-output>
          </reporter-output>
        </test-method> <!-- test4 -->
        <test-method is-config="true" signature="after()[pri:0, instance:org.example.TC2@a1cdc6d]" started-at="2023-07-31T16:57:04 IST" name="after" finished-at="2023-07-31T16:57:04 IST" duration-ms="1" status="PASS">
          <reporter-output>
          </reporter-output>
        </test-method> <!-- after -->
        <test-method is-config="true" signature="AfterClass()[pri:0, instance:org.example.TC2@a1cdc6d]" started-at="2023-07-31T16:57:04 IST" name="AfterClass" finished-at="2023-07-31T16:57:04 IST" duration-ms="1" status="PASS">
          <reporter-output>
          </reporter-output>
        </test-method> <!-- AfterClass -->
      </class> <!-- org.example.TC2 -->
    </test> <!-- C:/Users/NTS-Rutuja Tathe/Documents/TestNGProject/src/test/java/org/example/TC2.java -->
    <test started-at="2023-07-31T16:57:04 IST" name="C:/Users/NTS-Rutuja Tathe/Documents/TestNGProject/src/test/java/TC1.java" finished-at="2023-07-31T16:57:04 IST" duration-ms="0">
    </test> <!-- C:/Users/NTS-Rutuja Tathe/Documents/TestNGProject/src/test/java/TC1.java -->
  </suite> <!-- All Test Suite -->
</testng-results>
